[0502/053224.933:ERROR:process_info.cc(359)] UncheckedAllocate
[0502/054152.472:ERROR:process_info.cc(359)] UncheckedAllocate
[0502/054216.425:ERROR:file_io.cc(134)] WriteFile: There is not enough space on the disk. (0x70)
[0502/054216.425:ERROR:file_io.cc(134)] WriteFile: There is not enough space on the disk. (0x70)
[0502/054216.426:ERROR:file_io.cc(134)] WriteFile: There is not enough space on the disk. (0x70)
[0502/054216.426:ERROR:file_io.cc(134)] WriteFile: There is not enough space on the disk. (0x70)
[0502/054216.426:ERROR:file_io.cc(134)] WriteFile: There is not enough space on the disk. (0x70)
[0502/054216.426:ERROR:file_io.cc(134)] WriteFile: There is not enough space on the disk. (0x70)
[0502/054216.426:ERROR:file_io.cc(134)] WriteFile: There is not enough space on the disk. (0x70)
[0502/054216.430:ERROR:file_io.cc(134)] WriteFile: There is not enough space on the disk. (0x70)
[0502/054216.430:ERROR:file_io.cc(134)] WriteFile: There is not enough space on the disk. (0x70)
[0502/054216.430:ERROR:file_io.cc(134)] WriteFile: There is not enough space on the disk. (0x70)
[0502/054216.430:ERROR:file_io.cc(134)] WriteFile: There is not enough space on the disk. (0x70)
[0502/054216.430:ERROR:file_io.cc(134)] WriteFile: There is not enough space on the disk. (0x70)
[0502/054216.430:ERROR:file_io.cc(134)] WriteFile: There is not enough space on the disk. (0x70)
[0502/054216.430:ERROR:file_io.cc(134)] WriteFile: There is not enough space on the disk. (0x70)
[0502/054216.431:ERROR:file_io.cc(134)] WriteFile: There is not enough space on the disk. (0x70)
[0502/054216.431:ERROR:file_io.cc(134)] WriteFile: There is not enough space on the disk. (0x70)
[0502/054216.431:ERROR:file_io.cc(134)] WriteFile: There is not enough space on the disk. (0x70)
[0502/054216.431:ERROR:file_io.cc(134)] WriteFile: There is not enough space on the disk. (0x70)
[0502/054216.431:ERROR:file_io.cc(134)] WriteFile: There is not enough space on the disk. (0x70)
[0502/054216.431:ERROR:file_io.cc(134)] WriteFile: There is not enough space on the disk. (0x70)
[0502/054216.431:ERROR:file_io.cc(134)] WriteFile: There is not enough space on the disk. (0x70)
[0502/054216.431:ERROR:file_io.cc(134)] WriteFile: There is not enough space on the disk. (0x70)
[0502/054216.431:ERROR:file_io.cc(134)] WriteFile: There is not enough space on the disk. (0x70)
[0502/054216.431:ERROR:file_io.cc(134)] WriteFile: There is not enough space on the disk. (0x70)
[0502/054216.431:ERROR:file_io.cc(134)] WriteFile: There is not enough space on the disk. (0x70)
[0502/054216.431:ERROR:file_io.cc(134)] WriteFile: There is not enough space on the disk. (0x70)
[0502/054216.431:ERROR:file_io.cc(134)] WriteFile: There is not enough space on the disk. (0x70)
[0502/054216.431:ERROR:file_io.cc(134)] WriteFile: There is not enough space on the disk. (0x70)
[0502/054216.431:ERROR:file_io.cc(134)] WriteFile: There is not enough space on the disk. (0x70)
[0502/054216.431:ERROR:file_io.cc(134)] WriteFile: There is not enough space on the disk. (0x70)
[0502/054216.432:ERROR:file_io.cc(134)] WriteFile: There is not enough space on the disk. (0x70)
[0502/054216.432:ERROR:file_io.cc(134)] WriteFile: There is not enough space on the disk. (0x70)
[0502/054216.432:ERROR:file_io.cc(134)] WriteFile: There is not enough space on the disk. (0x70)
[0502/054216.432:ERROR:file_io.cc(134)] WriteFile: There is not enough space on the disk. (0x70)
[0502/054216.432:ERROR:file_io.cc(134)] WriteFile: There is not enough space on the disk. (0x70)
[0502/054216.432:ERROR:file_io.cc(134)] WriteFile: There is not enough space on the disk. (0x70)
[0502/054216.432:ERROR:file_io.cc(134)] WriteFile: There is not enough space on the disk. (0x70)
[0502/054216.432:ERROR:file_io.cc(134)] WriteFile: There is not enough space on the disk. (0x70)
[0502/054216.432:ERROR:file_io.cc(134)] WriteFile: There is not enough space on the disk. (0x70)
[0502/054216.432:ERROR:file_io.cc(134)] WriteFile: There is not enough space on the disk. (0x70)
[0502/054216.432:ERROR:file_io.cc(134)] WriteFile: There is not enough space on the disk. (0x70)
[0502/054216.432:ERROR:file_io.cc(134)] WriteFile: There is not enough space on the disk. (0x70)
[0502/054216.432:ERROR:file_io.cc(134)] WriteFile: There is not enough space on the disk. (0x70)
[0502/054216.432:ERROR:file_io.cc(134)] WriteFile: There is not enough space on the disk. (0x70)
[0502/054216.432:ERROR:file_io.cc(134)] WriteFile: There is not enough space on the disk. (0x70)
[0502/054216.432:ERROR:file_io.cc(134)] WriteFile: There is not enough space on the disk. (0x70)
[0502/054216.432:ERROR:file_io.cc(134)] WriteFile: There is not enough space on the disk. (0x70)
[0502/054216.433:ERROR:file_io.cc(134)] WriteFile: There is not enough space on the disk. (0x70)
[0502/054216.433:ERROR:file_io.cc(134)] WriteFile: There is not enough space on the disk. (0x70)
[0502/054216.433:ERROR:file_io.cc(134)] WriteFile: There is not enough space on the disk. (0x70)
[0502/054216.433:ERROR:file_io.cc(134)] WriteFile: There is not enough space on the disk. (0x70)
[0502/054216.433:ERROR:file_io.cc(134)] WriteFile: There is not enough space on the disk. (0x70)
[0502/054216.433:ERROR:file_io.cc(134)] WriteFile: There is not enough space on the disk. (0x70)
[0502/054216.433:ERROR:file_io.cc(134)] WriteFile: There is not enough space on the disk. (0x70)
[0502/054216.433:ERROR:file_io.cc(134)] WriteFile: There is not enough space on the disk. (0x70)
[0502/054216.433:ERROR:file_io.cc(134)] WriteFile: There is not enough space on the disk. (0x70)
[0502/054216.433:ERROR:file_io.cc(134)] WriteFile: There is not enough space on the disk. (0x70)
[0502/054216.433:ERROR:crash_report_exception_handler.cc(111)] WriteEverything failed
[0502/054216.434:ERROR:filesystem_win.cc(148)] DeleteFile C:\Users\APNAPC~1\AppData\Local\Temp\scoped_dir4728_1834338941\Crashpad\reports\75dad3fc-30cd-4379-8ec2-7fd3cd1c5e00.dmp: The process cannot access the file because it is being used by another process. (0x20)
[0502/054216.511:ERROR:file_io.cc(134)] WriteFile: There is not enough space on the disk. (0x70)
[0502/054216.511:ERROR:crash_report_exception_handler.cc(111)] WriteEverything failed
[0502/054216.512:ERROR:filesystem_win.cc(148)] DeleteFile C:\Users\APNAPC~1\AppData\Local\Temp\scoped_dir4728_1834338941\Crashpad\reports\8a1fbaab-4c2b-4e5a-a51e-d3e2e0117fe5.dmp: The process cannot access the file because it is being used by another process. (0x20)
[0502/054216.740:ERROR:file_io_win.cc(170)] CreateFile C:\Users\APNAPC~1\AppData\Local\Temp\scoped_dir4728_1834338941\Crashpad\reports\c96ca9ec-919e-48f7-9649-425f31dd23ee.dmp: There is not enough space on the disk. (0x70)
[0502/054216.740:ERROR:crash_report_exception_handler.cc(97)] PrepareNewCrashReport failed
[0502/054216.742:ERROR:file_io_win.cc(170)] CreateFile C:\Users\APNAPC~1\AppData\Local\Temp\scoped_dir4728_1834338941\Crashpad\reports\3b9bad0c-e140-435c-a5f8-f76b2f05d939.dmp: There is not enough space on the disk. (0x70)
[0502/054216.742:ERROR:crash_report_exception_handler.cc(97)] PrepareNewCrashReport failed
[0502/054220.988:ERROR:file_io_win.cc(170)] CreateFile C:\Users\APNAPC~1\AppData\Local\Temp\scoped_dir4728_1834338941\Crashpad\reports\84c09069-606e-48c1-924c-c1c76b855cf2.dmp: There is not enough space on the disk. (0x70)
[0502/054220.988:ERROR:crash_report_exception_handler.cc(97)] PrepareNewCrashReport failed
